[01:32:08] [ServerMain/INFO]: [bootstrap] Running Java 21 (OpenJDK 64-Bit Server VM 21.0.9+10-LTS; Microsoft Microsoft-12574458) on Linux 6.8.0-1030-azure (amd64)
[01:32:08] [ServerMain/INFO]: [bootstrap] Loading Paper 1.21-130-master@b1b5d4c (2024-08-10T10:02:42Z) for Minecraft 1.21
[01:32:08] [ServerMain/INFO]: [PluginInitializerManager] Initializing plugins...
[01:32:08] [Paper Plugin Remapper Thread - 2/INFO]: [PluginRemapper] Remapping plugin 'plugins/LifeSteal-3.jar'...
[01:32:09] [Paper Plugin Remapper Thread - 2/INFO]: [PluginRemapper] Done remapping plugin 'plugins/LifeSteal-3.jar' in 487ms.
[01:32:09] [ServerMain/INFO]: [PluginInitializerManager] Initialized 1 plugin
[01:32:09] [ServerMain/INFO]: [PluginInitializerManager] Bukkit plugins (1):
 - LifeSteal (3)
[01:32:13] [ServerMain/INFO]: Environment: Environment[sessionHost=https://sessionserver.mojang.com, servicesHost=https://api.minecraftservices.com, name=PROD]
[01:32:14] [ServerMain/INFO]: Loaded 1290 recipes
[01:32:15] [ServerMain/INFO]: Loaded 1399 advancements
[01:32:15] [Server thread/INFO]: Starting minecraft server version 1.21
[01:32:15] [Server thread/INFO]: Loading properties
[01:32:15] [Server thread/INFO]: This server is running Paper version 1.21-130-master@b1b5d4c (2024-08-10T10:02:42Z) (Implementing API version 1.21-R0.1-SNAPSHOT)
[01:32:16] [Server thread/INFO]: [spark] This server bundles the spark profiler. For more information please visit https://docs.papermc.io/paper/profiling
[01:32:16] [Server thread/INFO]: Server Ping Player Sample Count: 12
[01:32:16] [Server thread/INFO]: Using 4 threads for Netty based IO
[01:32:16] [Server thread/INFO]: [ChunkTaskScheduler] Chunk system is using 1 I/O threads, 1 worker threads, and population gen parallelism of 1 threads
[01:32:17] [Server thread/INFO]: Default game type: SURVIVAL
[01:32:17] [Server thread/INFO]: Generating keypair
[01:32:17] [Server thread/INFO]: Starting Minecraft server on *:25565
[01:32:17] [Server thread/INFO]: Using epoll channel type
[01:32:17] [Server thread/INFO]: Paper: Using libdeflate (Linux x86_64) compression from Velocity.
[01:32:17] [Server thread/INFO]: Paper: Using OpenSSL 3.0.x (Linux x86_64) cipher from Velocity.
[01:32:17] [Server thread/INFO]: [LifeSteal] Loading server plugin LifeSteal v3
[01:32:17] [Server thread/INFO]: Server permissions file permissions.yml is empty, ignoring it
[01:32:17] [Server thread/INFO]: Preparing level "world"
[01:32:17] [Server thread/INFO]: Preparing start region for dimension minecraft:overworld
[01:32:19] [Server thread/INFO]: Time elapsed: 1496 ms
[01:32:19] [Server thread/INFO]: Preparing start region for dimension minecraft:the_nether
[01:32:19] [Server thread/INFO]: Time elapsed: 148 ms
[01:32:19] [Server thread/INFO]: Preparing start region for dimension minecraft:the_end
[01:32:19] [Server thread/INFO]: Time elapsed: 112 ms
[01:32:19] [Server thread/INFO]: [LifeSteal] Enabling LifeSteal v3
[01:32:20] [Server thread/INFO]: [LifeSteal] LifeSteal Plugin has been enabled!
[01:32:20] [Server thread/INFO]: [spark] Starting background profiler...
[01:32:20] [Server thread/INFO]: Done preparing level "world" (2.944s)
[01:32:20] [Server thread/INFO]: Running delayed init tasks
[01:32:20] [Server thread/INFO]: Done (12.654s)! For help, type "help"
[01:32:20] [Server thread/INFO]: Timings Reset
[01:39:06] [Server thread/INFO]: Stopping the server
[01:39:06] [Server thread/INFO]: Stopping server
[01:39:06] [Server thread/INFO]: [LifeSteal] Disabling LifeSteal v3
[01:39:06] [Server thread/INFO]: [LifeSteal] LifeSteal Plugin has been disabled!
[01:39:06] [Server thread/INFO]: Saving players
[01:39:06] [Server thread/INFO]: Saving worlds
[01:39:06] [Server thread/INFO]: Saving chunks for level 'ServerLevel[world]'/minecraft:overworld
[01:39:06] [Server thread/INFO]: [ChunkHolderManager] Waiting 60s for chunk system to halt for world 'world'
[01:39:06] [Server thread/INFO]: [ChunkHolderManager] Halted chunk system for world 'world'
[01:39:06] [Server thread/INFO]: [ChunkHolderManager] Saving all chunkholders for world 'world'
[01:39:06] [Server thread/INFO]: [ChunkHolderManager] Saved 0 block chunks, 1 entity chunks, 0 poi chunks in world 'world' in 0.00s
[01:39:06] [Server thread/INFO]: Saving chunks for level 'ServerLevel[world_nether]'/minecraft:the_nether
[01:39:06] [Server thread/INFO]: [ChunkHolderManager] Waiting 60s for chunk system to halt for world 'world_nether'
[01:39:06] [Server thread/INFO]: [ChunkHolderManager] Halted chunk system for world 'world_nether'
[01:39:06] [Server thread/INFO]: [ChunkHolderManager] Saving all chunkholders for world 'world_nether'
[01:39:06] [Server thread/INFO]: [ChunkHolderManager] Saved 0 block chunks, 1 entity chunks, 0 poi chunks in world 'world_nether' in 0.00s
[01:39:06] [Server thread/INFO]: Saving chunks for level 'ServerLevel[world_the_end]'/minecraft:the_end
[01:39:06] [Server thread/INFO]: [ChunkHolderManager] Waiting 60s for chunk system to halt for world 'world_the_end'
[01:39:06] [Server thread/INFO]: [ChunkHolderManager] Halted chunk system for world 'world_the_end'
[01:39:06] [Server thread/INFO]: [ChunkHolderManager] Saving all chunkholders for world 'world_the_end'
[01:39:06] [Server thread/INFO]: [ChunkHolderManager] Saved 0 block chunks, 10 entity chunks, 0 poi chunks in world 'world_the_end' in 0.01s
[01:39:06] [Server thread/INFO]: ThreadedAnvilChunkStorage (world): All chunks are saved
[01:39:06] [Server thread/INFO]: ThreadedAnvilChunkStorage (DIM-1): All chunks are saved
[01:39:06] [Server thread/INFO]: ThreadedAnvilChunkStorage (DIM1): All chunks are saved
[01:39:06] [Server thread/INFO]: ThreadedAnvilChunkStorage: All dimensions are saved
